[2022-05-16 17:16:19,334] {processor.py:153} INFO - Started process (PID=53) to work on /opt/airflow/dags/laendleimmo.py
[2022-05-16 17:16:19,335] {processor.py:641} INFO - Processing file /opt/airflow/dags/laendleimmo.py for tasks to queue
[2022-05-16 17:16:19,335] {logging_mixin.py:115} INFO - [2022-05-16 17:16:19,335] {dagbag.py:507} INFO - Filling up the DagBag from /opt/airflow/dags/laendleimmo.py
[2022-05-16 17:16:19,340] {logging_mixin.py:115} INFO - [2022-05-16 17:16:19,339] {dagbag.py:320} ERROR - Failed to import: /opt/airflow/dags/laendleimmo.py
Traceback (most recent call last):
  File "/home/airflow/.local/lib/python3.7/site-packages/airflow/models/dagbag.py", line 317, in parse
    loader.exec_module(new_module)
  File "<frozen importlib._bootstrap_external>", line 728, in exec_module
  File "<frozen importlib._bootstrap>", line 219, in _call_with_frames_removed
  File "/opt/airflow/dags/laendleimmo.py", line 1, in <module>
    from openlineage.airflow import DAG
ImportError: cannot import name 'DAG' from 'openlineage.airflow' (/home/airflow/.local/lib/python3.7/site-packages/openlineage/airflow/__init__.py)
[2022-05-16 17:16:19,340] {processor.py:653} WARNING - No viable dags retrieved from /opt/airflow/dags/laendleimmo.py
[2022-05-16 17:16:19,395] {processor.py:161} INFO - Processing /opt/airflow/dags/laendleimmo.py took 0.065 seconds
[2022-05-16 17:16:49,414] {processor.py:153} INFO - Started process (PID=81) to work on /opt/airflow/dags/laendleimmo.py
[2022-05-16 17:16:49,430] {processor.py:641} INFO - Processing file /opt/airflow/dags/laendleimmo.py for tasks to queue
[2022-05-16 17:16:49,430] {logging_mixin.py:115} INFO - [2022-05-16 17:16:49,430] {dagbag.py:507} INFO - Filling up the DagBag from /opt/airflow/dags/laendleimmo.py
[2022-05-16 17:16:49,434] {logging_mixin.py:115} INFO - [2022-05-16 17:16:49,433] {dagbag.py:320} ERROR - Failed to import: /opt/airflow/dags/laendleimmo.py
Traceback (most recent call last):
  File "/home/airflow/.local/lib/python3.7/site-packages/airflow/models/dagbag.py", line 317, in parse
    loader.exec_module(new_module)
  File "<frozen importlib._bootstrap_external>", line 728, in exec_module
  File "<frozen importlib._bootstrap>", line 219, in _call_with_frames_removed
  File "/opt/airflow/dags/laendleimmo.py", line 1, in <module>
    from openlineage.airflow import DAG
ImportError: cannot import name 'DAG' from 'openlineage.airflow' (/home/airflow/.local/lib/python3.7/site-packages/openlineage/airflow/__init__.py)
[2022-05-16 17:16:49,434] {processor.py:653} WARNING - No viable dags retrieved from /opt/airflow/dags/laendleimmo.py
[2022-05-16 17:16:49,473] {processor.py:161} INFO - Processing /opt/airflow/dags/laendleimmo.py took 0.061 seconds
[2022-05-16 17:17:19,521] {processor.py:153} INFO - Started process (PID=100) to work on /opt/airflow/dags/laendleimmo.py
[2022-05-16 17:17:19,522] {processor.py:641} INFO - Processing file /opt/airflow/dags/laendleimmo.py for tasks to queue
[2022-05-16 17:17:19,522] {logging_mixin.py:115} INFO - [2022-05-16 17:17:19,522] {dagbag.py:507} INFO - Filling up the DagBag from /opt/airflow/dags/laendleimmo.py
[2022-05-16 17:17:19,526] {logging_mixin.py:115} INFO - [2022-05-16 17:17:19,525] {dagbag.py:320} ERROR - Failed to import: /opt/airflow/dags/laendleimmo.py
Traceback (most recent call last):
  File "/home/airflow/.local/lib/python3.7/site-packages/airflow/models/dagbag.py", line 317, in parse
    loader.exec_module(new_module)
  File "<frozen importlib._bootstrap_external>", line 728, in exec_module
  File "<frozen importlib._bootstrap>", line 219, in _call_with_frames_removed
  File "/opt/airflow/dags/laendleimmo.py", line 1, in <module>
    from openlineage.airflow import DAG
ImportError: cannot import name 'DAG' from 'openlineage.airflow' (/home/airflow/.local/lib/python3.7/site-packages/openlineage/airflow/__init__.py)
[2022-05-16 17:17:19,526] {processor.py:653} WARNING - No viable dags retrieved from /opt/airflow/dags/laendleimmo.py
[2022-05-16 17:17:19,738] {processor.py:161} INFO - Processing /opt/airflow/dags/laendleimmo.py took 0.220 seconds
[2022-05-16 17:17:49,796] {processor.py:153} INFO - Started process (PID=128) to work on /opt/airflow/dags/laendleimmo.py
[2022-05-16 17:17:49,818] {processor.py:641} INFO - Processing file /opt/airflow/dags/laendleimmo.py for tasks to queue
[2022-05-16 17:17:49,819] {logging_mixin.py:115} INFO - [2022-05-16 17:17:49,818] {dagbag.py:507} INFO - Filling up the DagBag from /opt/airflow/dags/laendleimmo.py
[2022-05-16 17:17:49,822] {logging_mixin.py:115} INFO - [2022-05-16 17:17:49,821] {dagbag.py:320} ERROR - Failed to import: /opt/airflow/dags/laendleimmo.py
Traceback (most recent call last):
  File "/home/airflow/.local/lib/python3.7/site-packages/airflow/models/dagbag.py", line 317, in parse
    loader.exec_module(new_module)
  File "<frozen importlib._bootstrap_external>", line 728, in exec_module
  File "<frozen importlib._bootstrap>", line 219, in _call_with_frames_removed
  File "/opt/airflow/dags/laendleimmo.py", line 1, in <module>
    from openlineage.airflow import DAG
ImportError: cannot import name 'DAG' from 'openlineage.airflow' (/home/airflow/.local/lib/python3.7/site-packages/openlineage/airflow/__init__.py)
[2022-05-16 17:17:49,822] {processor.py:653} WARNING - No viable dags retrieved from /opt/airflow/dags/laendleimmo.py
[2022-05-16 17:17:49,861] {processor.py:161} INFO - Processing /opt/airflow/dags/laendleimmo.py took 0.068 seconds
[2022-05-16 17:18:19,919] {processor.py:153} INFO - Started process (PID=147) to work on /opt/airflow/dags/laendleimmo.py
[2022-05-16 17:18:19,919] {processor.py:641} INFO - Processing file /opt/airflow/dags/laendleimmo.py for tasks to queue
[2022-05-16 17:18:19,920] {logging_mixin.py:115} INFO - [2022-05-16 17:18:19,920] {dagbag.py:507} INFO - Filling up the DagBag from /opt/airflow/dags/laendleimmo.py
[2022-05-16 17:18:19,925] {logging_mixin.py:115} INFO - [2022-05-16 17:18:19,924] {dagbag.py:320} ERROR - Failed to import: /opt/airflow/dags/laendleimmo.py
Traceback (most recent call last):
  File "/home/airflow/.local/lib/python3.7/site-packages/airflow/models/dagbag.py", line 317, in parse
    loader.exec_module(new_module)
  File "<frozen importlib._bootstrap_external>", line 728, in exec_module
  File "<frozen importlib._bootstrap>", line 219, in _call_with_frames_removed
  File "/opt/airflow/dags/laendleimmo.py", line 1, in <module>
    from openlineage.airflow import DAG
ImportError: cannot import name 'DAG' from 'openlineage.airflow' (/home/airflow/.local/lib/python3.7/site-packages/openlineage/airflow/__init__.py)
[2022-05-16 17:18:19,926] {processor.py:653} WARNING - No viable dags retrieved from /opt/airflow/dags/laendleimmo.py
[2022-05-16 17:18:19,963] {processor.py:161} INFO - Processing /opt/airflow/dags/laendleimmo.py took 0.049 seconds
[2022-05-16 17:24:21,106] {processor.py:153} INFO - Started process (PID=51) to work on /opt/airflow/dags/laendleimmo.py
[2022-05-16 17:24:21,123] {processor.py:641} INFO - Processing file /opt/airflow/dags/laendleimmo.py for tasks to queue
[2022-05-16 17:24:21,124] {logging_mixin.py:115} INFO - [2022-05-16 17:24:21,124] {dagbag.py:507} INFO - Filling up the DagBag from /opt/airflow/dags/laendleimmo.py
[2022-05-16 17:24:21,128] {logging_mixin.py:115} INFO - [2022-05-16 17:24:21,127] {dagbag.py:320} ERROR - Failed to import: /opt/airflow/dags/laendleimmo.py
Traceback (most recent call last):
  File "/home/airflow/.local/lib/python3.7/site-packages/airflow/models/dagbag.py", line 317, in parse
    loader.exec_module(new_module)
  File "<frozen importlib._bootstrap_external>", line 728, in exec_module
  File "<frozen importlib._bootstrap>", line 219, in _call_with_frames_removed
  File "/opt/airflow/dags/laendleimmo.py", line 1, in <module>
    from openlineage.airflow import DAG
ImportError: cannot import name 'DAG' from 'openlineage.airflow' (/home/airflow/.local/lib/python3.7/site-packages/openlineage/airflow/__init__.py)
[2022-05-16 17:24:21,128] {processor.py:653} WARNING - No viable dags retrieved from /opt/airflow/dags/laendleimmo.py
[2022-05-16 17:24:21,166] {processor.py:161} INFO - Processing /opt/airflow/dags/laendleimmo.py took 0.064 seconds
[2022-05-16 17:24:51,187] {processor.py:153} INFO - Started process (PID=70) to work on /opt/airflow/dags/laendleimmo.py
[2022-05-16 17:24:51,187] {processor.py:641} INFO - Processing file /opt/airflow/dags/laendleimmo.py for tasks to queue
[2022-05-16 17:24:51,188] {logging_mixin.py:115} INFO - [2022-05-16 17:24:51,188] {dagbag.py:507} INFO - Filling up the DagBag from /opt/airflow/dags/laendleimmo.py
[2022-05-16 17:24:51,193] {logging_mixin.py:115} INFO - [2022-05-16 17:24:51,192] {dagbag.py:320} ERROR - Failed to import: /opt/airflow/dags/laendleimmo.py
Traceback (most recent call last):
  File "/home/airflow/.local/lib/python3.7/site-packages/airflow/models/dagbag.py", line 317, in parse
    loader.exec_module(new_module)
  File "<frozen importlib._bootstrap_external>", line 728, in exec_module
  File "<frozen importlib._bootstrap>", line 219, in _call_with_frames_removed
  File "/opt/airflow/dags/laendleimmo.py", line 1, in <module>
    from openlineage.airflow import DAG
ImportError: cannot import name 'DAG' from 'openlineage.airflow' (/home/airflow/.local/lib/python3.7/site-packages/openlineage/airflow/__init__.py)
[2022-05-16 17:24:51,193] {processor.py:653} WARNING - No viable dags retrieved from /opt/airflow/dags/laendleimmo.py
[2022-05-16 17:24:51,244] {processor.py:161} INFO - Processing /opt/airflow/dags/laendleimmo.py took 0.061 seconds
[2022-05-16 17:25:21,292] {processor.py:153} INFO - Started process (PID=98) to work on /opt/airflow/dags/laendleimmo.py
[2022-05-16 17:25:21,317] {processor.py:641} INFO - Processing file /opt/airflow/dags/laendleimmo.py for tasks to queue
[2022-05-16 17:25:21,318] {logging_mixin.py:115} INFO - [2022-05-16 17:25:21,317] {dagbag.py:507} INFO - Filling up the DagBag from /opt/airflow/dags/laendleimmo.py
[2022-05-16 17:25:21,322] {logging_mixin.py:115} INFO - [2022-05-16 17:25:21,321] {dagbag.py:320} ERROR - Failed to import: /opt/airflow/dags/laendleimmo.py
Traceback (most recent call last):
  File "/home/airflow/.local/lib/python3.7/site-packages/airflow/models/dagbag.py", line 317, in parse
    loader.exec_module(new_module)
  File "<frozen importlib._bootstrap_external>", line 728, in exec_module
  File "<frozen importlib._bootstrap>", line 219, in _call_with_frames_removed
  File "/opt/airflow/dags/laendleimmo.py", line 1, in <module>
    from openlineage.airflow import DAG
ImportError: cannot import name 'DAG' from 'openlineage.airflow' (/home/airflow/.local/lib/python3.7/site-packages/openlineage/airflow/__init__.py)
[2022-05-16 17:25:21,323] {processor.py:653} WARNING - No viable dags retrieved from /opt/airflow/dags/laendleimmo.py
[2022-05-16 17:25:21,371] {processor.py:161} INFO - Processing /opt/airflow/dags/laendleimmo.py took 0.083 seconds
[2022-05-16 17:25:51,432] {processor.py:153} INFO - Started process (PID=117) to work on /opt/airflow/dags/laendleimmo.py
[2022-05-16 17:25:51,432] {processor.py:641} INFO - Processing file /opt/airflow/dags/laendleimmo.py for tasks to queue
[2022-05-16 17:25:51,433] {logging_mixin.py:115} INFO - [2022-05-16 17:25:51,433] {dagbag.py:507} INFO - Filling up the DagBag from /opt/airflow/dags/laendleimmo.py
[2022-05-16 17:25:51,436] {logging_mixin.py:115} INFO - [2022-05-16 17:25:51,435] {dagbag.py:320} ERROR - Failed to import: /opt/airflow/dags/laendleimmo.py
Traceback (most recent call last):
  File "/home/airflow/.local/lib/python3.7/site-packages/airflow/models/dagbag.py", line 317, in parse
    loader.exec_module(new_module)
  File "<frozen importlib._bootstrap_external>", line 728, in exec_module
  File "<frozen importlib._bootstrap>", line 219, in _call_with_frames_removed
  File "/opt/airflow/dags/laendleimmo.py", line 1, in <module>
    from openlineage.airflow import DAG
ImportError: cannot import name 'DAG' from 'openlineage.airflow' (/home/airflow/.local/lib/python3.7/site-packages/openlineage/airflow/__init__.py)
[2022-05-16 17:25:51,437] {processor.py:653} WARNING - No viable dags retrieved from /opt/airflow/dags/laendleimmo.py
[2022-05-16 17:25:51,507] {processor.py:161} INFO - Processing /opt/airflow/dags/laendleimmo.py took 0.078 seconds
[2022-05-16 17:26:21,565] {processor.py:153} INFO - Started process (PID=145) to work on /opt/airflow/dags/laendleimmo.py
[2022-05-16 17:26:21,580] {processor.py:641} INFO - Processing file /opt/airflow/dags/laendleimmo.py for tasks to queue
[2022-05-16 17:26:21,581] {logging_mixin.py:115} INFO - [2022-05-16 17:26:21,581] {dagbag.py:507} INFO - Filling up the DagBag from /opt/airflow/dags/laendleimmo.py
[2022-05-16 17:26:21,586] {logging_mixin.py:115} INFO - [2022-05-16 17:26:21,585] {dagbag.py:320} ERROR - Failed to import: /opt/airflow/dags/laendleimmo.py
Traceback (most recent call last):
  File "/home/airflow/.local/lib/python3.7/site-packages/airflow/models/dagbag.py", line 317, in parse
    loader.exec_module(new_module)
  File "<frozen importlib._bootstrap_external>", line 728, in exec_module
  File "<frozen importlib._bootstrap>", line 219, in _call_with_frames_removed
  File "/opt/airflow/dags/laendleimmo.py", line 1, in <module>
    from openlineage.airflow import DAG
ImportError: cannot import name 'DAG' from 'openlineage.airflow' (/home/airflow/.local/lib/python3.7/site-packages/openlineage/airflow/__init__.py)
[2022-05-16 17:26:21,586] {processor.py:653} WARNING - No viable dags retrieved from /opt/airflow/dags/laendleimmo.py
[2022-05-16 17:26:21,634] {processor.py:161} INFO - Processing /opt/airflow/dags/laendleimmo.py took 0.074 seconds
[2022-05-16 17:26:51,692] {processor.py:153} INFO - Started process (PID=164) to work on /opt/airflow/dags/laendleimmo.py
[2022-05-16 17:26:51,693] {processor.py:641} INFO - Processing file /opt/airflow/dags/laendleimmo.py for tasks to queue
[2022-05-16 17:26:51,694] {logging_mixin.py:115} INFO - [2022-05-16 17:26:51,693] {dagbag.py:507} INFO - Filling up the DagBag from /opt/airflow/dags/laendleimmo.py
[2022-05-16 17:26:51,698] {logging_mixin.py:115} INFO - [2022-05-16 17:26:51,697] {dagbag.py:320} ERROR - Failed to import: /opt/airflow/dags/laendleimmo.py
Traceback (most recent call last):
  File "/home/airflow/.local/lib/python3.7/site-packages/airflow/models/dagbag.py", line 317, in parse
    loader.exec_module(new_module)
  File "<frozen importlib._bootstrap_external>", line 728, in exec_module
  File "<frozen importlib._bootstrap>", line 219, in _call_with_frames_removed
  File "/opt/airflow/dags/laendleimmo.py", line 1, in <module>
    from openlineage.airflow import DAG
ImportError: cannot import name 'DAG' from 'openlineage.airflow' (/home/airflow/.local/lib/python3.7/site-packages/openlineage/airflow/__init__.py)
[2022-05-16 17:26:51,698] {processor.py:653} WARNING - No viable dags retrieved from /opt/airflow/dags/laendleimmo.py
[2022-05-16 17:26:51,736] {processor.py:161} INFO - Processing /opt/airflow/dags/laendleimmo.py took 0.047 seconds
[2022-05-16 17:38:05,545] {processor.py:153} INFO - Started process (PID=51) to work on /opt/airflow/dags/laendleimmo.py
[2022-05-16 17:38:05,693] {processor.py:641} INFO - Processing file /opt/airflow/dags/laendleimmo.py for tasks to queue
[2022-05-16 17:38:05,693] {logging_mixin.py:115} INFO - [2022-05-16 17:38:05,693] {dagbag.py:507} INFO - Filling up the DagBag from /opt/airflow/dags/laendleimmo.py
[2022-05-16 17:38:05,696] {logging_mixin.py:115} INFO - [2022-05-16 17:38:05,695] {dagbag.py:320} ERROR - Failed to import: /opt/airflow/dags/laendleimmo.py
Traceback (most recent call last):
  File "/home/airflow/.local/lib/python3.7/site-packages/airflow/models/dagbag.py", line 317, in parse
    loader.exec_module(new_module)
  File "<frozen importlib._bootstrap_external>", line 728, in exec_module
  File "<frozen importlib._bootstrap>", line 219, in _call_with_frames_removed
  File "/opt/airflow/dags/laendleimmo.py", line 1, in <module>
    from openlineage.airflow import DAG
ImportError: cannot import name 'DAG' from 'openlineage.airflow' (/home/airflow/.local/lib/python3.7/site-packages/openlineage/airflow/__init__.py)
[2022-05-16 17:38:05,696] {processor.py:653} WARNING - No viable dags retrieved from /opt/airflow/dags/laendleimmo.py
[2022-05-16 17:38:06,004] {processor.py:161} INFO - Processing /opt/airflow/dags/laendleimmo.py took 0.463 seconds
[2022-05-16 17:38:36,068] {processor.py:153} INFO - Started process (PID=70) to work on /opt/airflow/dags/laendleimmo.py
[2022-05-16 17:38:36,069] {processor.py:641} INFO - Processing file /opt/airflow/dags/laendleimmo.py for tasks to queue
[2022-05-16 17:38:36,070] {logging_mixin.py:115} INFO - [2022-05-16 17:38:36,070] {dagbag.py:507} INFO - Filling up the DagBag from /opt/airflow/dags/laendleimmo.py
[2022-05-16 17:38:36,074] {logging_mixin.py:115} INFO - [2022-05-16 17:38:36,073] {dagbag.py:320} ERROR - Failed to import: /opt/airflow/dags/laendleimmo.py
Traceback (most recent call last):
  File "/home/airflow/.local/lib/python3.7/site-packages/airflow/models/dagbag.py", line 317, in parse
    loader.exec_module(new_module)
  File "<frozen importlib._bootstrap_external>", line 728, in exec_module
  File "<frozen importlib._bootstrap>", line 219, in _call_with_frames_removed
  File "/opt/airflow/dags/laendleimmo.py", line 1, in <module>
    from openlineage.airflow import DAG
ImportError: cannot import name 'DAG' from 'openlineage.airflow' (/home/airflow/.local/lib/python3.7/site-packages/openlineage/airflow/__init__.py)
[2022-05-16 17:38:36,074] {processor.py:653} WARNING - No viable dags retrieved from /opt/airflow/dags/laendleimmo.py
[2022-05-16 17:38:36,132] {processor.py:161} INFO - Processing /opt/airflow/dags/laendleimmo.py took 0.069 seconds
[2022-05-16 17:39:03,129] {processor.py:153} INFO - Started process (PID=99) to work on /opt/airflow/dags/laendleimmo.py
[2022-05-16 17:39:03,168] {processor.py:641} INFO - Processing file /opt/airflow/dags/laendleimmo.py for tasks to queue
[2022-05-16 17:39:03,169] {logging_mixin.py:115} INFO - [2022-05-16 17:39:03,169] {dagbag.py:507} INFO - Filling up the DagBag from /opt/airflow/dags/laendleimmo.py
[2022-05-16 17:39:03,175] {processor.py:651} INFO - DAG(s) dict_keys(['counter']) retrieved from /opt/airflow/dags/laendleimmo.py
[2022-05-16 17:39:03,487] {logging_mixin.py:115} INFO - [2022-05-16 17:39:03,487] {manager.py:508} INFO - Created Permission View: can edit on DAG:counter
[2022-05-16 17:39:03,512] {logging_mixin.py:115} INFO - [2022-05-16 17:39:03,512] {manager.py:508} INFO - Created Permission View: can read on DAG:counter
[2022-05-16 17:39:03,546] {logging_mixin.py:115} INFO - [2022-05-16 17:39:03,545] {manager.py:508} INFO - Created Permission View: can delete on DAG:counter
[2022-05-16 17:39:03,546] {logging_mixin.py:115} INFO - [2022-05-16 17:39:03,546] {dag.py:2371} INFO - Sync 1 DAGs
[2022-05-16 17:39:03,557] {logging_mixin.py:115} INFO - [2022-05-16 17:39:03,557] {dag.py:2390} INFO - Creating ORM DAG for counter
[2022-05-16 17:39:03,602] {logging_mixin.py:115} INFO - [2022-05-16 17:39:03,602] {dag.py:2919} INFO - Setting next_dagrun for counter to 2022-05-16T17:38:00+00:00, run_after=2022-05-16T17:39:00+00:00
[2022-05-16 17:39:03,637] {processor.py:161} INFO - Processing /opt/airflow/dags/laendleimmo.py took 0.511 seconds
[2022-05-16 17:39:33,705] {processor.py:153} INFO - Started process (PID=119) to work on /opt/airflow/dags/laendleimmo.py
[2022-05-16 17:39:33,706] {processor.py:641} INFO - Processing file /opt/airflow/dags/laendleimmo.py for tasks to queue
[2022-05-16 17:39:33,706] {logging_mixin.py:115} INFO - [2022-05-16 17:39:33,706] {dagbag.py:507} INFO - Filling up the DagBag from /opt/airflow/dags/laendleimmo.py
[2022-05-16 17:39:33,712] {processor.py:651} INFO - DAG(s) dict_keys(['counter']) retrieved from /opt/airflow/dags/laendleimmo.py
[2022-05-16 17:39:33,742] {logging_mixin.py:115} INFO - [2022-05-16 17:39:33,742] {dag.py:2371} INFO - Sync 1 DAGs
[2022-05-16 17:39:33,887] {logging_mixin.py:115} INFO - [2022-05-16 17:39:33,887] {dag.py:2919} INFO - Setting next_dagrun for counter to 2022-05-16T17:39:00+00:00, run_after=2022-05-16T17:40:00+00:00
[2022-05-16 17:39:33,910] {processor.py:161} INFO - Processing /opt/airflow/dags/laendleimmo.py took 0.208 seconds
[2022-05-16 17:40:03,977] {processor.py:153} INFO - Started process (PID=139) to work on /opt/airflow/dags/laendleimmo.py
[2022-05-16 17:40:03,978] {processor.py:641} INFO - Processing file /opt/airflow/dags/laendleimmo.py for tasks to queue
[2022-05-16 17:40:03,978] {logging_mixin.py:115} INFO - [2022-05-16 17:40:03,978] {dagbag.py:507} INFO - Filling up the DagBag from /opt/airflow/dags/laendleimmo.py
[2022-05-16 17:40:03,987] {processor.py:651} INFO - DAG(s) dict_keys(['counter']) retrieved from /opt/airflow/dags/laendleimmo.py
[2022-05-16 17:40:04,027] {logging_mixin.py:115} INFO - [2022-05-16 17:40:04,026] {dag.py:2371} INFO - Sync 1 DAGs
[2022-05-16 17:40:04,177] {logging_mixin.py:115} INFO - [2022-05-16 17:40:04,177] {dag.py:2919} INFO - Setting next_dagrun for counter to 2022-05-16T17:40:00+00:00, run_after=2022-05-16T17:41:00+00:00
[2022-05-16 17:40:04,214] {processor.py:161} INFO - Processing /opt/airflow/dags/laendleimmo.py took 0.241 seconds
[2022-05-16 17:40:18,010] {processor.py:153} INFO - Started process (PID=158) to work on /opt/airflow/dags/laendleimmo.py
[2022-05-16 17:40:18,018] {processor.py:641} INFO - Processing file /opt/airflow/dags/laendleimmo.py for tasks to queue
[2022-05-16 17:40:18,018] {logging_mixin.py:115} INFO - [2022-05-16 17:40:18,018] {dagbag.py:507} INFO - Filling up the DagBag from /opt/airflow/dags/laendleimmo.py
[2022-05-16 17:40:18,038] {logging_mixin.py:115} INFO - [2022-05-16 17:40:18,037] {dagbag.py:320} ERROR - Failed to import: /opt/airflow/dags/laendleimmo.py
Traceback (most recent call last):
  File "/home/airflow/.local/lib/python3.7/site-packages/airflow/models/dagbag.py", line 317, in parse
    loader.exec_module(new_module)
  File "<frozen importlib._bootstrap_external>", line 728, in exec_module
  File "<frozen importlib._bootstrap>", line 219, in _call_with_frames_removed
  File "/opt/airflow/dags/laendleimmo.py", line 42, in <module>
    'value': random.randint(1, 10)
NameError: name 'random' is not defined
[2022-05-16 17:40:18,038] {processor.py:653} WARNING - No viable dags retrieved from /opt/airflow/dags/laendleimmo.py
[2022-05-16 17:40:18,077] {processor.py:161} INFO - Processing /opt/airflow/dags/laendleimmo.py took 0.070 seconds
[2022-05-16 17:40:25,029] {processor.py:153} INFO - Started process (PID=159) to work on /opt/airflow/dags/laendleimmo.py
[2022-05-16 17:40:25,030] {processor.py:641} INFO - Processing file /opt/airflow/dags/laendleimmo.py for tasks to queue
[2022-05-16 17:40:25,030] {logging_mixin.py:115} INFO - [2022-05-16 17:40:25,030] {dagbag.py:507} INFO - Filling up the DagBag from /opt/airflow/dags/laendleimmo.py
[2022-05-16 17:40:25,043] {processor.py:651} INFO - DAG(s) dict_keys(['counter']) retrieved from /opt/airflow/dags/laendleimmo.py
[2022-05-16 17:40:25,235] {logging_mixin.py:115} INFO - [2022-05-16 17:40:25,235] {dag.py:2371} INFO - Sync 1 DAGs
[2022-05-16 17:40:25,269] {logging_mixin.py:115} INFO - [2022-05-16 17:40:25,269] {dag.py:2919} INFO - Setting next_dagrun for counter to 2022-05-16T17:40:00+00:00, run_after=2022-05-16T17:41:00+00:00
[2022-05-16 17:40:25,311] {processor.py:161} INFO - Processing /opt/airflow/dags/laendleimmo.py took 0.285 seconds
[2022-05-16 17:40:26,106] {processor.py:153} INFO - Started process (PID=160) to work on /opt/airflow/dags/laendleimmo.py
[2022-05-16 17:40:26,106] {processor.py:641} INFO - Processing file /opt/airflow/dags/laendleimmo.py for tasks to queue
[2022-05-16 17:40:26,107] {logging_mixin.py:115} INFO - [2022-05-16 17:40:26,107] {dagbag.py:507} INFO - Filling up the DagBag from /opt/airflow/dags/laendleimmo.py
[2022-05-16 17:40:26,120] {processor.py:651} INFO - DAG(s) dict_keys(['counter']) retrieved from /opt/airflow/dags/laendleimmo.py
[2022-05-16 17:40:26,142] {logging_mixin.py:115} INFO - [2022-05-16 17:40:26,142] {dag.py:2371} INFO - Sync 1 DAGs
[2022-05-16 17:40:26,298] {logging_mixin.py:115} INFO - [2022-05-16 17:40:26,297] {dag.py:2919} INFO - Setting next_dagrun for counter to 2022-05-16T17:40:00+00:00, run_after=2022-05-16T17:41:00+00:00
[2022-05-16 17:40:26,355] {processor.py:161} INFO - Processing /opt/airflow/dags/laendleimmo.py took 0.252 seconds
[2022-05-16 17:40:56,399] {processor.py:153} INFO - Started process (PID=189) to work on /opt/airflow/dags/laendleimmo.py
[2022-05-16 17:40:56,399] {processor.py:641} INFO - Processing file /opt/airflow/dags/laendleimmo.py for tasks to queue
[2022-05-16 17:40:56,400] {logging_mixin.py:115} INFO - [2022-05-16 17:40:56,400] {dagbag.py:507} INFO - Filling up the DagBag from /opt/airflow/dags/laendleimmo.py
[2022-05-16 17:40:56,413] {processor.py:651} INFO - DAG(s) dict_keys(['counter']) retrieved from /opt/airflow/dags/laendleimmo.py
[2022-05-16 17:40:56,445] {logging_mixin.py:115} INFO - [2022-05-16 17:40:56,445] {dag.py:2371} INFO - Sync 1 DAGs
[2022-05-16 17:40:56,597] {logging_mixin.py:115} INFO - [2022-05-16 17:40:56,597] {dag.py:2919} INFO - Setting next_dagrun for counter to 2022-05-16T17:40:00+00:00, run_after=2022-05-16T17:41:00+00:00
[2022-05-16 17:40:56,626] {processor.py:161} INFO - Processing /opt/airflow/dags/laendleimmo.py took 0.231 seconds
[2022-05-16 17:41:26,692] {processor.py:153} INFO - Started process (PID=209) to work on /opt/airflow/dags/laendleimmo.py
[2022-05-16 17:41:26,722] {processor.py:641} INFO - Processing file /opt/airflow/dags/laendleimmo.py for tasks to queue
[2022-05-16 17:41:26,722] {logging_mixin.py:115} INFO - [2022-05-16 17:41:26,722] {dagbag.py:507} INFO - Filling up the DagBag from /opt/airflow/dags/laendleimmo.py
[2022-05-16 17:41:26,740] {processor.py:651} INFO - DAG(s) dict_keys(['counter']) retrieved from /opt/airflow/dags/laendleimmo.py
[2022-05-16 17:41:26,782] {logging_mixin.py:115} INFO - [2022-05-16 17:41:26,782] {dag.py:2371} INFO - Sync 1 DAGs
[2022-05-16 17:41:26,948] {logging_mixin.py:115} INFO - [2022-05-16 17:41:26,948] {dag.py:2919} INFO - Setting next_dagrun for counter to 2022-05-16T17:41:00+00:00, run_after=2022-05-16T17:42:00+00:00
[2022-05-16 17:41:26,978] {processor.py:161} INFO - Processing /opt/airflow/dags/laendleimmo.py took 0.291 seconds
[2022-05-16 17:43:43,029] {processor.py:153} INFO - Started process (PID=54) to work on /opt/airflow/dags/laendleimmo.py
[2022-05-16 17:43:43,059] {processor.py:641} INFO - Processing file /opt/airflow/dags/laendleimmo.py for tasks to queue
[2022-05-16 17:43:43,059] {logging_mixin.py:115} INFO - [2022-05-16 17:43:43,059] {dagbag.py:507} INFO - Filling up the DagBag from /opt/airflow/dags/laendleimmo.py
[2022-05-16 17:43:43,073] {processor.py:651} INFO - DAG(s) dict_keys(['counter']) retrieved from /opt/airflow/dags/laendleimmo.py
[2022-05-16 17:43:43,113] {logging_mixin.py:115} INFO - [2022-05-16 17:43:43,112] {dag.py:2371} INFO - Sync 1 DAGs
[2022-05-16 17:43:43,305] {logging_mixin.py:115} INFO - [2022-05-16 17:43:43,304] {dag.py:2919} INFO - Setting next_dagrun for counter to 2022-05-16T17:42:00+00:00, run_after=2022-05-16T17:43:00+00:00
[2022-05-16 17:43:43,330] {processor.py:161} INFO - Processing /opt/airflow/dags/laendleimmo.py took 0.304 seconds
[2022-05-16 17:44:13,419] {processor.py:153} INFO - Started process (PID=78) to work on /opt/airflow/dags/laendleimmo.py
[2022-05-16 17:44:13,420] {processor.py:641} INFO - Processing file /opt/airflow/dags/laendleimmo.py for tasks to queue
[2022-05-16 17:44:13,420] {logging_mixin.py:115} INFO - [2022-05-16 17:44:13,420] {dagbag.py:507} INFO - Filling up the DagBag from /opt/airflow/dags/laendleimmo.py
[2022-05-16 17:44:13,438] {processor.py:651} INFO - DAG(s) dict_keys(['counter']) retrieved from /opt/airflow/dags/laendleimmo.py
[2022-05-16 17:44:13,474] {logging_mixin.py:115} INFO - [2022-05-16 17:44:13,474] {dag.py:2371} INFO - Sync 1 DAGs
[2022-05-16 17:44:13,627] {logging_mixin.py:115} INFO - [2022-05-16 17:44:13,627] {dag.py:2919} INFO - Setting next_dagrun for counter to 2022-05-16T17:44:00+00:00, run_after=2022-05-16T17:45:00+00:00
[2022-05-16 17:44:13,704] {processor.py:161} INFO - Processing /opt/airflow/dags/laendleimmo.py took 0.290 seconds
[2022-05-16 17:44:43,819] {processor.py:153} INFO - Started process (PID=109) to work on /opt/airflow/dags/laendleimmo.py
[2022-05-16 17:44:43,819] {processor.py:641} INFO - Processing file /opt/airflow/dags/laendleimmo.py for tasks to queue
[2022-05-16 17:44:43,820] {logging_mixin.py:115} INFO - [2022-05-16 17:44:43,820] {dagbag.py:507} INFO - Filling up the DagBag from /opt/airflow/dags/laendleimmo.py
[2022-05-16 17:44:43,836] {processor.py:651} INFO - DAG(s) dict_keys(['counter']) retrieved from /opt/airflow/dags/laendleimmo.py
[2022-05-16 17:44:43,871] {logging_mixin.py:115} INFO - [2022-05-16 17:44:43,871] {dag.py:2371} INFO - Sync 1 DAGs
[2022-05-16 17:44:44,026] {logging_mixin.py:115} INFO - [2022-05-16 17:44:44,026] {dag.py:2919} INFO - Setting next_dagrun for counter to 2022-05-16T17:44:00+00:00, run_after=2022-05-16T17:45:00+00:00
[2022-05-16 17:44:44,059] {processor.py:161} INFO - Processing /opt/airflow/dags/laendleimmo.py took 0.244 seconds
[2022-05-16 17:50:45,035] {processor.py:153} INFO - Started process (PID=51) to work on /opt/airflow/dags/laendleimmo.py
[2022-05-16 17:50:45,061] {processor.py:641} INFO - Processing file /opt/airflow/dags/laendleimmo.py for tasks to queue
[2022-05-16 17:50:45,062] {logging_mixin.py:115} INFO - [2022-05-16 17:50:45,061] {dagbag.py:507} INFO - Filling up the DagBag from /opt/airflow/dags/laendleimmo.py
[2022-05-16 17:50:45,084] {processor.py:651} INFO - DAG(s) dict_keys(['counter']) retrieved from /opt/airflow/dags/laendleimmo.py
[2022-05-16 17:50:45,124] {logging_mixin.py:115} INFO - [2022-05-16 17:50:45,123] {dag.py:2371} INFO - Sync 1 DAGs
[2022-05-16 17:50:45,296] {logging_mixin.py:115} INFO - [2022-05-16 17:50:45,296] {dag.py:2919} INFO - Setting next_dagrun for counter to 2022-05-16T17:49:00+00:00, run_after=2022-05-16T17:50:00+00:00
[2022-05-16 17:50:45,327] {processor.py:161} INFO - Processing /opt/airflow/dags/laendleimmo.py took 0.296 seconds
[2022-05-16 17:51:15,394] {processor.py:153} INFO - Started process (PID=70) to work on /opt/airflow/dags/laendleimmo.py
[2022-05-16 17:51:15,394] {processor.py:641} INFO - Processing file /opt/airflow/dags/laendleimmo.py for tasks to queue
[2022-05-16 17:51:15,395] {logging_mixin.py:115} INFO - [2022-05-16 17:51:15,395] {dagbag.py:507} INFO - Filling up the DagBag from /opt/airflow/dags/laendleimmo.py
[2022-05-16 17:51:15,411] {processor.py:651} INFO - DAG(s) dict_keys(['counter']) retrieved from /opt/airflow/dags/laendleimmo.py
[2022-05-16 17:51:15,568] {logging_mixin.py:115} INFO - [2022-05-16 17:51:15,568] {dag.py:2371} INFO - Sync 1 DAGs
[2022-05-16 17:51:15,607] {logging_mixin.py:115} INFO - [2022-05-16 17:51:15,607] {dag.py:2919} INFO - Setting next_dagrun for counter to 2022-05-16T17:51:00+00:00, run_after=2022-05-16T17:52:00+00:00
[2022-05-16 17:51:15,707] {processor.py:161} INFO - Processing /opt/airflow/dags/laendleimmo.py took 0.317 seconds
[2022-05-16 17:51:45,773] {processor.py:153} INFO - Started process (PID=98) to work on /opt/airflow/dags/laendleimmo.py
[2022-05-16 17:51:45,774] {processor.py:641} INFO - Processing file /opt/airflow/dags/laendleimmo.py for tasks to queue
[2022-05-16 17:51:45,774] {logging_mixin.py:115} INFO - [2022-05-16 17:51:45,774] {dagbag.py:507} INFO - Filling up the DagBag from /opt/airflow/dags/laendleimmo.py
[2022-05-16 17:51:45,787] {processor.py:651} INFO - DAG(s) dict_keys(['counter']) retrieved from /opt/airflow/dags/laendleimmo.py
[2022-05-16 17:51:45,952] {logging_mixin.py:115} INFO - [2022-05-16 17:51:45,951] {dag.py:2371} INFO - Sync 1 DAGs
[2022-05-16 17:51:45,992] {logging_mixin.py:115} INFO - [2022-05-16 17:51:45,992] {dag.py:2919} INFO - Setting next_dagrun for counter to 2022-05-16T17:51:00+00:00, run_after=2022-05-16T17:52:00+00:00
[2022-05-16 17:51:46,025] {processor.py:161} INFO - Processing /opt/airflow/dags/laendleimmo.py took 0.255 seconds
[2022-05-16 17:52:16,092] {processor.py:153} INFO - Started process (PID=118) to work on /opt/airflow/dags/laendleimmo.py
[2022-05-16 17:52:16,109] {processor.py:641} INFO - Processing file /opt/airflow/dags/laendleimmo.py for tasks to queue
[2022-05-16 17:52:16,110] {logging_mixin.py:115} INFO - [2022-05-16 17:52:16,110] {dagbag.py:507} INFO - Filling up the DagBag from /opt/airflow/dags/laendleimmo.py
[2022-05-16 17:52:16,128] {processor.py:651} INFO - DAG(s) dict_keys(['counter']) retrieved from /opt/airflow/dags/laendleimmo.py
[2022-05-16 17:52:16,282] {logging_mixin.py:115} INFO - [2022-05-16 17:52:16,282] {dag.py:2371} INFO - Sync 1 DAGs
[2022-05-16 17:52:16,324] {logging_mixin.py:115} INFO - [2022-05-16 17:52:16,324] {dag.py:2919} INFO - Setting next_dagrun for counter to 2022-05-16T17:52:00+00:00, run_after=2022-05-16T17:53:00+00:00
[2022-05-16 17:52:16,378] {processor.py:161} INFO - Processing /opt/airflow/dags/laendleimmo.py took 0.291 seconds
[2022-05-16 17:52:46,446] {processor.py:153} INFO - Started process (PID=146) to work on /opt/airflow/dags/laendleimmo.py
[2022-05-16 17:52:46,447] {processor.py:641} INFO - Processing file /opt/airflow/dags/laendleimmo.py for tasks to queue
[2022-05-16 17:52:46,447] {logging_mixin.py:115} INFO - [2022-05-16 17:52:46,447] {dagbag.py:507} INFO - Filling up the DagBag from /opt/airflow/dags/laendleimmo.py
[2022-05-16 17:52:46,460] {processor.py:651} INFO - DAG(s) dict_keys(['counter']) retrieved from /opt/airflow/dags/laendleimmo.py
[2022-05-16 17:52:46,603] {logging_mixin.py:115} INFO - [2022-05-16 17:52:46,603] {dag.py:2371} INFO - Sync 1 DAGs
[2022-05-16 17:52:46,649] {logging_mixin.py:115} INFO - [2022-05-16 17:52:46,649] {dag.py:2919} INFO - Setting next_dagrun for counter to 2022-05-16T17:52:00+00:00, run_after=2022-05-16T17:53:00+00:00
[2022-05-16 17:52:46,680] {processor.py:161} INFO - Processing /opt/airflow/dags/laendleimmo.py took 0.237 seconds
[2022-05-16 17:53:16,751] {processor.py:153} INFO - Started process (PID=165) to work on /opt/airflow/dags/laendleimmo.py
[2022-05-16 17:53:16,792] {processor.py:641} INFO - Processing file /opt/airflow/dags/laendleimmo.py for tasks to queue
[2022-05-16 17:53:16,793] {logging_mixin.py:115} INFO - [2022-05-16 17:53:16,793] {dagbag.py:507} INFO - Filling up the DagBag from /opt/airflow/dags/laendleimmo.py
[2022-05-16 17:53:16,806] {processor.py:651} INFO - DAG(s) dict_keys(['counter']) retrieved from /opt/airflow/dags/laendleimmo.py
[2022-05-16 17:53:16,949] {logging_mixin.py:115} INFO - [2022-05-16 17:53:16,949] {dag.py:2371} INFO - Sync 1 DAGs
[2022-05-16 17:53:16,986] {logging_mixin.py:115} INFO - [2022-05-16 17:53:16,985] {dag.py:2919} INFO - Setting next_dagrun for counter to 2022-05-16T17:53:00+00:00, run_after=2022-05-16T17:54:00+00:00
[2022-05-16 17:53:17,006] {processor.py:161} INFO - Processing /opt/airflow/dags/laendleimmo.py took 0.259 seconds
[2022-05-16 17:53:47,069] {processor.py:153} INFO - Started process (PID=194) to work on /opt/airflow/dags/laendleimmo.py
[2022-05-16 17:53:47,087] {processor.py:641} INFO - Processing file /opt/airflow/dags/laendleimmo.py for tasks to queue
[2022-05-16 17:53:47,087] {logging_mixin.py:115} INFO - [2022-05-16 17:53:47,087] {dagbag.py:507} INFO - Filling up the DagBag from /opt/airflow/dags/laendleimmo.py
[2022-05-16 17:53:47,100] {processor.py:651} INFO - DAG(s) dict_keys(['counter']) retrieved from /opt/airflow/dags/laendleimmo.py
[2022-05-16 17:53:47,248] {logging_mixin.py:115} INFO - [2022-05-16 17:53:47,248] {dag.py:2371} INFO - Sync 1 DAGs
[2022-05-16 17:53:47,288] {logging_mixin.py:115} INFO - [2022-05-16 17:53:47,288] {dag.py:2919} INFO - Setting next_dagrun for counter to 2022-05-16T17:53:00+00:00, run_after=2022-05-16T17:54:00+00:00
[2022-05-16 17:53:47,318] {processor.py:161} INFO - Processing /opt/airflow/dags/laendleimmo.py took 0.252 seconds
[2022-05-16 17:54:17,379] {processor.py:153} INFO - Started process (PID=214) to work on /opt/airflow/dags/laendleimmo.py
[2022-05-16 17:54:17,414] {processor.py:641} INFO - Processing file /opt/airflow/dags/laendleimmo.py for tasks to queue
[2022-05-16 17:54:17,415] {logging_mixin.py:115} INFO - [2022-05-16 17:54:17,415] {dagbag.py:507} INFO - Filling up the DagBag from /opt/airflow/dags/laendleimmo.py
[2022-05-16 17:54:17,434] {processor.py:651} INFO - DAG(s) dict_keys(['counter']) retrieved from /opt/airflow/dags/laendleimmo.py
[2022-05-16 17:54:17,586] {logging_mixin.py:115} INFO - [2022-05-16 17:54:17,585] {dag.py:2371} INFO - Sync 1 DAGs
[2022-05-16 17:54:17,627] {logging_mixin.py:115} INFO - [2022-05-16 17:54:17,627] {dag.py:2919} INFO - Setting next_dagrun for counter to 2022-05-16T17:54:00+00:00, run_after=2022-05-16T17:55:00+00:00
[2022-05-16 17:54:17,656] {processor.py:161} INFO - Processing /opt/airflow/dags/laendleimmo.py took 0.280 seconds
[2022-05-16 17:54:47,722] {processor.py:153} INFO - Started process (PID=233) to work on /opt/airflow/dags/laendleimmo.py
[2022-05-16 17:54:47,742] {processor.py:641} INFO - Processing file /opt/airflow/dags/laendleimmo.py for tasks to queue
[2022-05-16 17:54:47,742] {logging_mixin.py:115} INFO - [2022-05-16 17:54:47,742] {dagbag.py:507} INFO - Filling up the DagBag from /opt/airflow/dags/laendleimmo.py
[2022-05-16 17:54:47,760] {processor.py:651} INFO - DAG(s) dict_keys(['counter']) retrieved from /opt/airflow/dags/laendleimmo.py
[2022-05-16 17:54:47,906] {logging_mixin.py:115} INFO - [2022-05-16 17:54:47,906] {dag.py:2371} INFO - Sync 1 DAGs
[2022-05-16 17:54:47,947] {logging_mixin.py:115} INFO - [2022-05-16 17:54:47,947] {dag.py:2919} INFO - Setting next_dagrun for counter to 2022-05-16T17:54:00+00:00, run_after=2022-05-16T17:55:00+00:00
[2022-05-16 17:54:47,983] {processor.py:161} INFO - Processing /opt/airflow/dags/laendleimmo.py took 0.265 seconds
[2022-05-16 17:55:18,045] {processor.py:153} INFO - Started process (PID=263) to work on /opt/airflow/dags/laendleimmo.py
[2022-05-16 17:55:18,068] {processor.py:641} INFO - Processing file /opt/airflow/dags/laendleimmo.py for tasks to queue
[2022-05-16 17:55:18,069] {logging_mixin.py:115} INFO - [2022-05-16 17:55:18,069] {dagbag.py:507} INFO - Filling up the DagBag from /opt/airflow/dags/laendleimmo.py
[2022-05-16 17:55:18,086] {processor.py:651} INFO - DAG(s) dict_keys(['counter']) retrieved from /opt/airflow/dags/laendleimmo.py
[2022-05-16 17:55:18,232] {logging_mixin.py:115} INFO - [2022-05-16 17:55:18,232] {dag.py:2371} INFO - Sync 1 DAGs
[2022-05-16 17:55:18,272] {logging_mixin.py:115} INFO - [2022-05-16 17:55:18,272] {dag.py:2919} INFO - Setting next_dagrun for counter to 2022-05-16T17:55:00+00:00, run_after=2022-05-16T17:56:00+00:00
[2022-05-16 17:55:18,294] {processor.py:161} INFO - Processing /opt/airflow/dags/laendleimmo.py took 0.252 seconds
[2022-05-16 17:55:48,356] {processor.py:153} INFO - Started process (PID=282) to work on /opt/airflow/dags/laendleimmo.py
[2022-05-16 17:55:48,379] {processor.py:641} INFO - Processing file /opt/airflow/dags/laendleimmo.py for tasks to queue
[2022-05-16 17:55:48,380] {logging_mixin.py:115} INFO - [2022-05-16 17:55:48,380] {dagbag.py:507} INFO - Filling up the DagBag from /opt/airflow/dags/laendleimmo.py
[2022-05-16 17:55:48,393] {processor.py:651} INFO - DAG(s) dict_keys(['counter']) retrieved from /opt/airflow/dags/laendleimmo.py
[2022-05-16 17:55:48,533] {logging_mixin.py:115} INFO - [2022-05-16 17:55:48,533] {dag.py:2371} INFO - Sync 1 DAGs
[2022-05-16 17:55:48,574] {logging_mixin.py:115} INFO - [2022-05-16 17:55:48,574] {dag.py:2919} INFO - Setting next_dagrun for counter to 2022-05-16T17:55:00+00:00, run_after=2022-05-16T17:56:00+00:00
[2022-05-16 17:55:48,604] {processor.py:161} INFO - Processing /opt/airflow/dags/laendleimmo.py took 0.250 seconds
[2022-05-16 17:56:18,691] {processor.py:153} INFO - Started process (PID=310) to work on /opt/airflow/dags/laendleimmo.py
[2022-05-16 17:56:18,714] {processor.py:641} INFO - Processing file /opt/airflow/dags/laendleimmo.py for tasks to queue
[2022-05-16 17:56:18,715] {logging_mixin.py:115} INFO - [2022-05-16 17:56:18,715] {dagbag.py:507} INFO - Filling up the DagBag from /opt/airflow/dags/laendleimmo.py
[2022-05-16 17:56:18,728] {processor.py:651} INFO - DAG(s) dict_keys(['counter']) retrieved from /opt/airflow/dags/laendleimmo.py
[2022-05-16 17:56:18,868] {logging_mixin.py:115} INFO - [2022-05-16 17:56:18,868] {dag.py:2371} INFO - Sync 1 DAGs
[2022-05-16 17:56:18,904] {logging_mixin.py:115} INFO - [2022-05-16 17:56:18,904] {dag.py:2919} INFO - Setting next_dagrun for counter to 2022-05-16T17:56:00+00:00, run_after=2022-05-16T17:57:00+00:00
[2022-05-16 17:56:18,939] {processor.py:161} INFO - Processing /opt/airflow/dags/laendleimmo.py took 0.251 seconds
[2022-05-16 17:58:30,960] {processor.py:153} INFO - Started process (PID=50) to work on /opt/airflow/dags/laendleimmo.py
[2022-05-16 17:58:30,978] {processor.py:641} INFO - Processing file /opt/airflow/dags/laendleimmo.py for tasks to queue
[2022-05-16 17:58:30,979] {logging_mixin.py:115} INFO - [2022-05-16 17:58:30,979] {dagbag.py:507} INFO - Filling up the DagBag from /opt/airflow/dags/laendleimmo.py
[2022-05-16 17:58:31,002] {processor.py:651} INFO - DAG(s) dict_keys(['counter']) retrieved from /opt/airflow/dags/laendleimmo.py
[2022-05-16 17:58:31,041] {logging_mixin.py:115} INFO - [2022-05-16 17:58:31,041] {dag.py:2371} INFO - Sync 1 DAGs
[2022-05-16 17:58:31,390] {logging_mixin.py:115} INFO - [2022-05-16 17:58:31,390] {dag.py:2919} INFO - Setting next_dagrun for counter to 2022-05-16T17:57:00+00:00, run_after=2022-05-16T17:58:00+00:00
[2022-05-16 17:58:31,972] {processor.py:161} INFO - Processing /opt/airflow/dags/laendleimmo.py took 1.014 seconds
[2022-05-16 18:15:27,522] {processor.py:153} INFO - Started process (PID=51) to work on /opt/airflow/dags/laendleimmo.py
[2022-05-16 18:15:27,577] {processor.py:641} INFO - Processing file /opt/airflow/dags/laendleimmo.py for tasks to queue
[2022-05-16 18:15:27,578] {logging_mixin.py:115} INFO - [2022-05-16 18:15:27,577] {dagbag.py:507} INFO - Filling up the DagBag from /opt/airflow/dags/laendleimmo.py
[2022-05-16 18:15:27,605] {processor.py:651} INFO - DAG(s) dict_keys(['counter']) retrieved from /opt/airflow/dags/laendleimmo.py
[2022-05-16 18:15:27,955] {logging_mixin.py:115} INFO - [2022-05-16 18:15:27,954] {manager.py:508} INFO - Created Permission View: can delete on DAG:counter
[2022-05-16 18:15:27,980] {logging_mixin.py:115} INFO - [2022-05-16 18:15:27,979] {manager.py:508} INFO - Created Permission View: can read on DAG:counter
[2022-05-16 18:15:27,996] {logging_mixin.py:115} INFO - [2022-05-16 18:15:27,996] {manager.py:508} INFO - Created Permission View: can edit on DAG:counter
[2022-05-16 18:15:27,997] {logging_mixin.py:115} INFO - [2022-05-16 18:15:27,996] {dag.py:2371} INFO - Sync 1 DAGs
[2022-05-16 18:15:28,011] {logging_mixin.py:115} INFO - [2022-05-16 18:15:28,011] {dag.py:2390} INFO - Creating ORM DAG for counter
[2022-05-16 18:15:28,045] {logging_mixin.py:115} INFO - [2022-05-16 18:15:28,045] {dag.py:2919} INFO - Setting next_dagrun for counter to 2022-05-16T18:14:00+00:00, run_after=2022-05-16T18:15:00+00:00
[2022-05-16 18:15:28,067] {processor.py:161} INFO - Processing /opt/airflow/dags/laendleimmo.py took 0.549 seconds
[2022-05-16 18:15:58,142] {processor.py:153} INFO - Started process (PID=70) to work on /opt/airflow/dags/laendleimmo.py
[2022-05-16 18:15:58,162] {processor.py:641} INFO - Processing file /opt/airflow/dags/laendleimmo.py for tasks to queue
[2022-05-16 18:15:58,163] {logging_mixin.py:115} INFO - [2022-05-16 18:15:58,162] {dagbag.py:507} INFO - Filling up the DagBag from /opt/airflow/dags/laendleimmo.py
[2022-05-16 18:15:58,180] {processor.py:651} INFO - DAG(s) dict_keys(['counter']) retrieved from /opt/airflow/dags/laendleimmo.py
[2022-05-16 18:15:58,220] {logging_mixin.py:115} INFO - [2022-05-16 18:15:58,220] {dag.py:2371} INFO - Sync 1 DAGs
[2022-05-16 18:15:58,374] {logging_mixin.py:115} INFO - [2022-05-16 18:15:58,374] {dag.py:2919} INFO - Setting next_dagrun for counter to 2022-05-16T18:15:00+00:00, run_after=2022-05-16T18:16:00+00:00
[2022-05-16 18:15:58,409] {processor.py:161} INFO - Processing /opt/airflow/dags/laendleimmo.py took 0.270 seconds
[2022-05-16 18:16:28,472] {processor.py:153} INFO - Started process (PID=99) to work on /opt/airflow/dags/laendleimmo.py
[2022-05-16 18:16:28,496] {processor.py:641} INFO - Processing file /opt/airflow/dags/laendleimmo.py for tasks to queue
[2022-05-16 18:16:28,497] {logging_mixin.py:115} INFO - [2022-05-16 18:16:28,497] {dagbag.py:507} INFO - Filling up the DagBag from /opt/airflow/dags/laendleimmo.py
[2022-05-16 18:16:28,510] {processor.py:651} INFO - DAG(s) dict_keys(['counter']) retrieved from /opt/airflow/dags/laendleimmo.py
[2022-05-16 18:16:28,544] {logging_mixin.py:115} INFO - [2022-05-16 18:16:28,543] {dag.py:2371} INFO - Sync 1 DAGs
[2022-05-16 18:16:28,700] {logging_mixin.py:115} INFO - [2022-05-16 18:16:28,700] {dag.py:2919} INFO - Setting next_dagrun for counter to 2022-05-16T18:16:00+00:00, run_after=2022-05-16T18:17:00+00:00
[2022-05-16 18:16:28,735] {processor.py:161} INFO - Processing /opt/airflow/dags/laendleimmo.py took 0.266 seconds
[2022-05-16 18:16:58,800] {processor.py:153} INFO - Started process (PID=119) to work on /opt/airflow/dags/laendleimmo.py
[2022-05-16 18:16:58,813] {processor.py:641} INFO - Processing file /opt/airflow/dags/laendleimmo.py for tasks to queue
[2022-05-16 18:16:58,814] {logging_mixin.py:115} INFO - [2022-05-16 18:16:58,814] {dagbag.py:507} INFO - Filling up the DagBag from /opt/airflow/dags/laendleimmo.py
[2022-05-16 18:16:58,832] {processor.py:651} INFO - DAG(s) dict_keys(['counter']) retrieved from /opt/airflow/dags/laendleimmo.py
[2022-05-16 18:16:58,869] {logging_mixin.py:115} INFO - [2022-05-16 18:16:58,868] {dag.py:2371} INFO - Sync 1 DAGs
[2022-05-16 18:16:59,018] {logging_mixin.py:115} INFO - [2022-05-16 18:16:59,017] {dag.py:2919} INFO - Setting next_dagrun for counter to 2022-05-16T18:16:00+00:00, run_after=2022-05-16T18:17:00+00:00
[2022-05-16 18:16:59,053] {processor.py:161} INFO - Processing /opt/airflow/dags/laendleimmo.py took 0.258 seconds
[2022-05-16 18:17:29,117] {processor.py:153} INFO - Started process (PID=148) to work on /opt/airflow/dags/laendleimmo.py
[2022-05-16 18:17:29,157] {processor.py:641} INFO - Processing file /opt/airflow/dags/laendleimmo.py for tasks to queue
[2022-05-16 18:17:29,158] {logging_mixin.py:115} INFO - [2022-05-16 18:17:29,158] {dagbag.py:507} INFO - Filling up the DagBag from /opt/airflow/dags/laendleimmo.py
[2022-05-16 18:17:29,171] {processor.py:651} INFO - DAG(s) dict_keys(['counter']) retrieved from /opt/airflow/dags/laendleimmo.py
[2022-05-16 18:17:29,204] {logging_mixin.py:115} INFO - [2022-05-16 18:17:29,204] {dag.py:2371} INFO - Sync 1 DAGs
[2022-05-16 18:17:29,365] {logging_mixin.py:115} INFO - [2022-05-16 18:17:29,365] {dag.py:2919} INFO - Setting next_dagrun for counter to 2022-05-16T18:17:00+00:00, run_after=2022-05-16T18:18:00+00:00
[2022-05-16 18:17:29,397] {processor.py:161} INFO - Processing /opt/airflow/dags/laendleimmo.py took 0.283 seconds
[2022-05-16 18:17:59,457] {processor.py:153} INFO - Started process (PID=169) to work on /opt/airflow/dags/laendleimmo.py
[2022-05-16 18:17:59,475] {processor.py:641} INFO - Processing file /opt/airflow/dags/laendleimmo.py for tasks to queue
[2022-05-16 18:17:59,476] {logging_mixin.py:115} INFO - [2022-05-16 18:17:59,476] {dagbag.py:507} INFO - Filling up the DagBag from /opt/airflow/dags/laendleimmo.py
[2022-05-16 18:17:59,488] {processor.py:651} INFO - DAG(s) dict_keys(['counter']) retrieved from /opt/airflow/dags/laendleimmo.py
[2022-05-16 18:17:59,520] {logging_mixin.py:115} INFO - [2022-05-16 18:17:59,519] {dag.py:2371} INFO - Sync 1 DAGs
[2022-05-16 18:17:59,668] {logging_mixin.py:115} INFO - [2022-05-16 18:17:59,668] {dag.py:2919} INFO - Setting next_dagrun for counter to 2022-05-16T18:17:00+00:00, run_after=2022-05-16T18:18:00+00:00
[2022-05-16 18:17:59,699] {processor.py:161} INFO - Processing /opt/airflow/dags/laendleimmo.py took 0.245 seconds
[2022-05-16 18:18:29,752] {processor.py:153} INFO - Started process (PID=197) to work on /opt/airflow/dags/laendleimmo.py
[2022-05-16 18:18:29,769] {processor.py:641} INFO - Processing file /opt/airflow/dags/laendleimmo.py for tasks to queue
[2022-05-16 18:18:29,770] {logging_mixin.py:115} INFO - [2022-05-16 18:18:29,770] {dagbag.py:507} INFO - Filling up the DagBag from /opt/airflow/dags/laendleimmo.py
[2022-05-16 18:18:29,783] {processor.py:651} INFO - DAG(s) dict_keys(['counter']) retrieved from /opt/airflow/dags/laendleimmo.py
[2022-05-16 18:18:29,814] {logging_mixin.py:115} INFO - [2022-05-16 18:18:29,814] {dag.py:2371} INFO - Sync 1 DAGs
[2022-05-16 18:18:29,967] {logging_mixin.py:115} INFO - [2022-05-16 18:18:29,967] {dag.py:2919} INFO - Setting next_dagrun for counter to 2022-05-16T18:18:00+00:00, run_after=2022-05-16T18:19:00+00:00
[2022-05-16 18:18:30,001] {processor.py:161} INFO - Processing /opt/airflow/dags/laendleimmo.py took 0.252 seconds
[2022-05-16 18:19:00,056] {processor.py:153} INFO - Started process (PID=217) to work on /opt/airflow/dags/laendleimmo.py
[2022-05-16 18:19:00,079] {processor.py:641} INFO - Processing file /opt/airflow/dags/laendleimmo.py for tasks to queue
[2022-05-16 18:19:00,080] {logging_mixin.py:115} INFO - [2022-05-16 18:19:00,080] {dagbag.py:507} INFO - Filling up the DagBag from /opt/airflow/dags/laendleimmo.py
[2022-05-16 18:19:00,093] {processor.py:651} INFO - DAG(s) dict_keys(['counter']) retrieved from /opt/airflow/dags/laendleimmo.py
[2022-05-16 18:19:00,124] {logging_mixin.py:115} INFO - [2022-05-16 18:19:00,124] {dag.py:2371} INFO - Sync 1 DAGs
[2022-05-16 18:19:00,277] {logging_mixin.py:115} INFO - [2022-05-16 18:19:00,276] {dag.py:2919} INFO - Setting next_dagrun for counter to 2022-05-16T18:18:00+00:00, run_after=2022-05-16T18:19:00+00:00
[2022-05-16 18:19:00,311] {processor.py:161} INFO - Processing /opt/airflow/dags/laendleimmo.py took 0.258 seconds
[2022-05-16 18:19:30,367] {processor.py:153} INFO - Started process (PID=243) to work on /opt/airflow/dags/laendleimmo.py
[2022-05-16 18:19:30,390] {processor.py:641} INFO - Processing file /opt/airflow/dags/laendleimmo.py for tasks to queue
[2022-05-16 18:19:30,390] {logging_mixin.py:115} INFO - [2022-05-16 18:19:30,390] {dagbag.py:507} INFO - Filling up the DagBag from /opt/airflow/dags/laendleimmo.py
[2022-05-16 18:19:30,404] {processor.py:651} INFO - DAG(s) dict_keys(['counter']) retrieved from /opt/airflow/dags/laendleimmo.py
[2022-05-16 18:19:30,438] {logging_mixin.py:115} INFO - [2022-05-16 18:19:30,438] {dag.py:2371} INFO - Sync 1 DAGs
[2022-05-16 18:19:30,609] {logging_mixin.py:115} INFO - [2022-05-16 18:19:30,609] {dag.py:2919} INFO - Setting next_dagrun for counter to 2022-05-16T18:19:00+00:00, run_after=2022-05-16T18:20:00+00:00
[2022-05-16 18:19:30,630] {processor.py:161} INFO - Processing /opt/airflow/dags/laendleimmo.py took 0.266 seconds
[2022-05-16 18:20:00,692] {processor.py:153} INFO - Started process (PID=264) to work on /opt/airflow/dags/laendleimmo.py
[2022-05-16 18:20:00,708] {processor.py:641} INFO - Processing file /opt/airflow/dags/laendleimmo.py for tasks to queue
[2022-05-16 18:20:00,709] {logging_mixin.py:115} INFO - [2022-05-16 18:20:00,709] {dagbag.py:507} INFO - Filling up the DagBag from /opt/airflow/dags/laendleimmo.py
[2022-05-16 18:20:00,721] {processor.py:651} INFO - DAG(s) dict_keys(['counter']) retrieved from /opt/airflow/dags/laendleimmo.py
[2022-05-16 18:20:00,760] {logging_mixin.py:115} INFO - [2022-05-16 18:20:00,760] {dag.py:2371} INFO - Sync 1 DAGs
[2022-05-16 18:20:00,935] {logging_mixin.py:115} INFO - [2022-05-16 18:20:00,935] {dag.py:2919} INFO - Setting next_dagrun for counter to 2022-05-16T18:20:00+00:00, run_after=2022-05-16T18:21:00+00:00
[2022-05-16 18:20:00,957] {processor.py:161} INFO - Processing /opt/airflow/dags/laendleimmo.py took 0.270 seconds
[2022-05-16 18:20:30,017] {processor.py:153} INFO - Started process (PID=283) to work on /opt/airflow/dags/laendleimmo.py
[2022-05-16 18:20:30,019] {processor.py:641} INFO - Processing file /opt/airflow/dags/laendleimmo.py for tasks to queue
[2022-05-16 18:20:30,020] {logging_mixin.py:115} INFO - [2022-05-16 18:20:30,020] {dagbag.py:507} INFO - Filling up the DagBag from /opt/airflow/dags/laendleimmo.py
[2022-05-16 18:20:30,035] {processor.py:651} INFO - DAG(s) dict_keys(['counter']) retrieved from /opt/airflow/dags/laendleimmo.py
[2022-05-16 18:20:30,199] {logging_mixin.py:115} INFO - [2022-05-16 18:20:30,199] {dag.py:2371} INFO - Sync 1 DAGs
[2022-05-16 18:20:30,243] {logging_mixin.py:115} INFO - [2022-05-16 18:20:30,243] {dag.py:2919} INFO - Setting next_dagrun for counter to 2022-05-16T18:20:00+00:00, run_after=2022-05-16T18:21:00+00:00
[2022-05-16 18:20:30,277] {processor.py:161} INFO - Processing /opt/airflow/dags/laendleimmo.py took 0.264 seconds
